[debug] [2025-12-04T02:17:39.544Z] [Firebase Plugin] Activating Firebase extension.
[debug] [2025-12-04T02:17:48.127Z] [Firebase Plugin] requireAuthWrapper
[debug] [2025-12-04T02:17:48.128Z] > command requires scopes: ["email","openid","https://www.googleapis.com/auth/cloudplatformprojects.readonly","https://www.googleapis.com/auth/firebase","https://www.googleapis.com/auth/cloud-platform"]
[debug] [2025-12-04T02:17:48.128Z] > authorizing via signed-in user (dannovaisv@gmail.com)
[debug] [2025-12-04T02:17:48.130Z] Checked if tokens are valid: true, expires at: 1764816453180
[debug] [2025-12-04T02:17:48.130Z] Checked if tokens are valid: true, expires at: 1764816453180
[debug] [2025-12-04T02:17:48.130Z] [Firebase Plugin] User found:  dannovaisv@gmail.com
[info] [Firebase Plugin] (Core:Project) New user detected, fetching projects
[debug] [2025-12-04T02:17:48.131Z] Checked if tokens are valid: true, expires at: 1764816453180
[debug] [2025-12-04T02:17:48.132Z] >>> [apiv2][query] GET https://firebase.googleapis.com/v1beta1/projects pageSize=1000
[debug] [2025-12-04T02:17:48.137Z] [Firebase Plugin] VSCode notification server listening on port 40001
[info] [Firebase Plugin] Starting Data Connect toolkit (version 2.17.0) on port 50001
[debug] [2025-12-04T02:17:48.420Z] I1203 23:17:48.408576   68661 control.go:94] [/emulator/portfolio-danilo-novais-service 9706] UpdateResources(): done
Main schema: sources: schema/schema.gql [529B] 
Connector "default": sources: example/queries.gql [1802B] example/mutations.gql [1233B] 
 {"metadata":{"emulator":{"name":"dataconnect"},"message":"I1203 23:17:48.408576   68661 control.go:94] [/emulator/portfolio-danilo-novais-service 9706] UpdateResources(): done\nMain schema: sources: schema/schema.gql [529B] \nConnector \"default\": sources: example/queries.gql [1802B] example/mutations.gql [1233B] \n"}}
[debug] [2025-12-04T02:17:48.421Z] Ignoring unsupported arg: auto_download {"metadata":{"emulator":{"name":"dataconnect"},"message":"Ignoring unsupported arg: auto_download"}}
[debug] [2025-12-04T02:17:48.421Z] Ignoring unsupported arg: port {"metadata":{"emulator":{"name":"dataconnect"},"message":"Ignoring unsupported arg: port"}}
[debug] [2025-12-04T02:17:48.421Z] Starting Data Connect Emulator with command {"binary":"/Users/danilonovais/.cache/firebase/emulators/dataconnect-emulator-2.17.0","args":["--logtostderr","-v=2","dev","--listen=localhost:50001","--config_dir=/Users/PROJETOS DEV/port_dannovaisv_3D/dataconnect","--enable_output_schema_extensions=true","--enable_output_generated_sdk=true"],"optionalArgs":["listen","config_dir","enable_output_schema_extensions","enable_output_generated_sdk"],"joinArgs":true,"shell":false,"port":9399} {"metadata":{"emulator":{"name":"dataconnect"},"message":"Starting Data Connect Emulator with command {\"binary\":\"/Users/danilonovais/.cache/firebase/emulators/dataconnect-emulator-2.17.0\",\"args\":[\"--logtostderr\",\"-v=2\",\"dev\",\"--listen=localhost:50001\",\"--config_dir=/Users/PROJETOS DEV/port_dannovaisv_3D/dataconnect\",\"--enable_output_schema_extensions=true\",\"--enable_output_generated_sdk=true\"],\"optionalArgs\":[\"listen\",\"config_dir\",\"enable_output_schema_extensions\",\"enable_output_generated_sdk\"],\"joinArgs\":true,\"shell\":false,\"port\":9399}"}}
[info] i  dataconnect: Data Connect Emulator logging to dataconnect-debug.log {"metadata":{"emulator":{"name":"dataconnect"},"message":"Data Connect Emulator logging to dataconnect-debug.log"}}
[debug] [2025-12-04T02:17:48.442Z] I1203 23:17:48.437459   68663 load.go:31] Reloading schema and connectors...
 {"metadata":{"emulator":{"name":"dataconnect"},"message":"I1203 23:17:48.437459   68663 load.go:31] Reloading schema and connectors...\n"}}
[debug] [2025-12-04T02:17:48.471Z] I1203 23:17:48.471048   68663 control.go:94] [/emulator/portfolio-danilo-novais-service 1a87] UpdateResources(): done
Main schema: sources: schema/schema.gql [529B] 
Connector "default": sources: example/mutations.gql [1233B] example/queries.gql [1802B] 
 {"metadata":{"emulator":{"name":"dataconnect"},"message":"I1203 23:17:48.471048   68663 control.go:94] [/emulator/portfolio-danilo-novais-service 1a87] UpdateResources(): done\nMain schema: sources: schema/schema.gql [529B] \nConnector \"default\": sources: example/mutations.gql [1233B] example/queries.gql [1802B] \n"}}
[debug] [2025-12-04T02:17:48.564Z] I1203 23:17:48.546032   68663 codegen.go:80] [connector "default" javascriptSdk] Generating sources into "/Users/PROJETOS DEV/port_dannovaisv_3D/src/dataconnect-generated"
I1203 23:17:48.550899   68663 collector.go:107] schema extensions wrote into "/Users/PROJETOS DEV/port_dannovaisv_3D/dataconnect/.dataconnect/schema"
Generated sources: main/relation.gql [18238B] main/query.gql [6208B] main/mutation.gql [16734B] prelude.gql [73219B] main/implicit.gql [2246B] main/input.gql [35315B] 
I1203 23:17:48.552448   68663 collector.go:107] connector "default" javascriptSdk wrote into "/Users/PROJETOS DEV/port_dannovaisv_3D/src/dataconnect-generated"
Generated sources: README.md [2876B] react/package.json [460B] .guides/usage.md [1318B] .guides/setup.md [1682B] index.d.ts [684B] esm/index.esm.js [141B] esm/package.json [17B] react/index.cjs.js [0B] package.json [863B] react/index.d.ts [228B] .guides/config.json [236B] index.cjs.js [176B] react/esm/package.json [17B] react/esm/index.esm.js [0B] react/README.md [5454B] 
I1203 23:17:48.554735   68663 installsdk.go:55] Package @dataconnect/generated is already installed. Skipping installation
I1203 23:17:48.554780   68663 load.go:109] Finished reloading
 {"metadata":{"emulator":{"name":"dataconnect"},"message":"I1203 23:17:48.546032   68663 codegen.go:80] [connector \"default\" javascriptSdk] Generating sources into \"/Users/PROJETOS DEV/port_dannovaisv_3D/src/dataconnect-generated\"\nI1203 23:17:48.550899   68663 collector.go:107] schema extensions wrote into \"/Users/PROJETOS DEV/port_dannovaisv_3D/dataconnect/.dataconnect/schema\"\nGenerated sources: main/relation.gql [18238B] main/query.gql [6208B] main/mutation.gql [16734B] prelude.gql [73219B] main/implicit.gql [2246B] main/input.gql [35315B] \nI1203 23:17:48.552448   68663 collector.go:107] connector \"default\" javascriptSdk wrote into \"/Users/PROJETOS DEV/port_dannovaisv_3D/src/dataconnect-generated\"\nGenerated sources: README.md [2876B] react/package.json [460B] .guides/usage.md [1318B] .guides/setup.md [1682B] index.d.ts [684B] esm/index.esm.js [141B] esm/package.json [17B] react/index.cjs.js [0B] package.json [863B] react/index.d.ts [228B] .guides/config.json [236B] index.cjs.js [176B] react/esm/package.json [17B] react/esm/index.esm.js [0B] react/README.md [5454B] \nI1203 23:17:48.554735   68663 installsdk.go:55] Package @dataconnect/generated is already installed. Skipping installation\nI1203 23:17:48.554780   68663 load.go:109] Finished reloading\n"}}
[debug] [2025-12-04T02:17:48.566Z] I1203 23:17:48.566284   68663 dev.go:105] Listening on address (HTTP + gRPC): 127.0.0.1:50001
 {"metadata":{"emulator":{"name":"dataconnect"},"message":"I1203 23:17:48.566284   68663 dev.go:105] Listening on address (HTTP + gRPC): 127.0.0.1:50001\n"}}
[error] [Firebase Plugin] error:  {}
[debug] [2025-12-04T02:17:49.568Z] <<< [apiv2][status] GET https://firebase.googleapis.com/v1beta1/projects 200
[debug] [2025-12-04T02:17:49.569Z] <<< [apiv2][body] GET https://firebase.googleapis.com/v1beta1/projects [omitted]
[info] [Firebase Plugin] Stopping Data Connect toolkit
[warn] ⚠  Data Connect Emulator has exited upon receiving signal: SIGINT 
[debug] [2025-12-04T03:10:02.368Z] [Firebase Plugin] Activating Firebase extension.
[debug] [2025-12-04T03:10:10.245Z] [Firebase Plugin] requireAuthWrapper
[debug] [2025-12-04T03:10:10.246Z] > command requires scopes: ["email","openid","https://www.googleapis.com/auth/cloudplatformprojects.readonly","https://www.googleapis.com/auth/firebase","https://www.googleapis.com/auth/cloud-platform"]
[debug] [2025-12-04T03:10:10.246Z] > authorizing via signed-in user (dannovaisv@gmail.com)
[debug] [2025-12-04T03:10:10.248Z] Checked if tokens are valid: false, expires at: 1764816453180
[debug] [2025-12-04T03:10:10.248Z] Checked if tokens are valid: false, expires at: 1764816453180
[debug] [2025-12-04T03:10:10.248Z] > refreshing access token with scopes: []
[debug] [2025-12-04T03:10:10.249Z] >>> [apiv2][query] POST https://www.googleapis.com/oauth2/v3/token [none]
[debug] [2025-12-04T03:10:10.249Z] >>> [apiv2][body] POST https://www.googleapis.com/oauth2/v3/token [omitted]
[debug] [2025-12-04T03:10:10.253Z] [Firebase Plugin] VSCode notification server listening on port 40001
[info] [Firebase Plugin] Starting Data Connect toolkit (version 2.17.0) on port 50001
[debug] [2025-12-04T03:10:10.572Z] I1204 00:10:10.559703   19857 control.go:94] [/emulator/portfolio-danilo-novais-service eb55] UpdateResources(): done
Main schema: sources: schema/schema.gql [529B] 
Connector "default": sources: example/mutations.gql [1233B] example/queries.gql [1802B] 
 {"metadata":{"emulator":{"name":"dataconnect"},"message":"I1204 00:10:10.559703   19857 control.go:94] [/emulator/portfolio-danilo-novais-service eb55] UpdateResources(): done\nMain schema: sources: schema/schema.gql [529B] \nConnector \"default\": sources: example/mutations.gql [1233B] example/queries.gql [1802B] \n"}}
[debug] [2025-12-04T03:10:10.573Z] Ignoring unsupported arg: auto_download {"metadata":{"emulator":{"name":"dataconnect"},"message":"Ignoring unsupported arg: auto_download"}}
[debug] [2025-12-04T03:10:10.573Z] Ignoring unsupported arg: port {"metadata":{"emulator":{"name":"dataconnect"},"message":"Ignoring unsupported arg: port"}}
[debug] [2025-12-04T03:10:10.573Z] Starting Data Connect Emulator with command {"binary":"/Users/danilonovais/.cache/firebase/emulators/dataconnect-emulator-2.17.0","args":["--logtostderr","-v=2","dev","--listen=localhost:50001","--config_dir=/Users/PROJETOS DEV/port_dannovaisv_3D/dataconnect","--enable_output_schema_extensions=true","--enable_output_generated_sdk=true"],"optionalArgs":["listen","config_dir","enable_output_schema_extensions","enable_output_generated_sdk"],"joinArgs":true,"shell":false,"port":9399} {"metadata":{"emulator":{"name":"dataconnect"},"message":"Starting Data Connect Emulator with command {\"binary\":\"/Users/danilonovais/.cache/firebase/emulators/dataconnect-emulator-2.17.0\",\"args\":[\"--logtostderr\",\"-v=2\",\"dev\",\"--listen=localhost:50001\",\"--config_dir=/Users/PROJETOS DEV/port_dannovaisv_3D/dataconnect\",\"--enable_output_schema_extensions=true\",\"--enable_output_generated_sdk=true\"],\"optionalArgs\":[\"listen\",\"config_dir\",\"enable_output_schema_extensions\",\"enable_output_generated_sdk\"],\"joinArgs\":true,\"shell\":false,\"port\":9399}"}}
[info] i  dataconnect: Data Connect Emulator logging to dataconnect-debug.log {"metadata":{"emulator":{"name":"dataconnect"},"message":"Data Connect Emulator logging to dataconnect-debug.log"}}
[debug] [2025-12-04T03:10:10.610Z] I1204 00:10:10.600169   19865 load.go:31] Reloading schema and connectors...
 {"metadata":{"emulator":{"name":"dataconnect"},"message":"I1204 00:10:10.600169   19865 load.go:31] Reloading schema and connectors...\n"}}
[debug] [2025-12-04T03:10:10.631Z] I1204 00:10:10.629239   19865 control.go:94] [/emulator/portfolio-danilo-novais-service 3d97] UpdateResources(): done
Main schema: sources: schema/schema.gql [529B] 
Connector "default": sources: example/mutations.gql [1233B] example/queries.gql [1802B] 
 {"metadata":{"emulator":{"name":"dataconnect"},"message":"I1204 00:10:10.629239   19865 control.go:94] [/emulator/portfolio-danilo-novais-service 3d97] UpdateResources(): done\nMain schema: sources: schema/schema.gql [529B] \nConnector \"default\": sources: example/mutations.gql [1233B] example/queries.gql [1802B] \n"}}
[debug] [2025-12-04T03:10:10.721Z] I1204 00:10:10.670400   19865 codegen.go:80] [connector "default" javascriptSdk] Generating sources into "/Users/PROJETOS DEV/port_dannovaisv_3D/src/dataconnect-generated"
I1204 00:10:10.682550   19865 collector.go:107] schema extensions wrote into "/Users/PROJETOS DEV/port_dannovaisv_3D/dataconnect/.dataconnect/schema"
Generated sources: prelude.gql [73219B] main/mutation.gql [16734B] main/implicit.gql [2246B] main/input.gql [35315B] main/relation.gql [18238B] main/query.gql [6208B] 
I1204 00:10:10.690771   19865 collector.go:107] connector "default" javascriptSdk wrote into "/Users/PROJETOS DEV/port_dannovaisv_3D/src/dataconnect-generated"
Generated sources: react/index.d.ts [228B] react/index.cjs.js [0B] react/esm/index.esm.js [0B] .guides/config.json [236B] react/README.md [5454B] .guides/usage.md [1318B] .guides/setup.md [1682B] index.d.ts [684B] esm/index.esm.js [141B] index.cjs.js [176B] react/package.json [460B] react/esm/package.json [17B] esm/package.json [17B] package.json [863B] README.md [2876B] 
I1204 00:10:10.692109   19865 installsdk.go:55] Package @dataconnect/generated is already installed. Skipping installation
I1204 00:10:10.692255   19865 load.go:109] Finished reloading
I1204 00:10:10.704832   19865 dev.go:105] Listening on address (HTTP + gRPC): 127.0.0.1:50001
 {"metadata":{"emulator":{"name":"dataconnect"},"message":"I1204 00:10:10.670400   19865 codegen.go:80] [connector \"default\" javascriptSdk] Generating sources into \"/Users/PROJETOS DEV/port_dannovaisv_3D/src/dataconnect-generated\"\nI1204 00:10:10.682550   19865 collector.go:107] schema extensions wrote into \"/Users/PROJETOS DEV/port_dannovaisv_3D/dataconnect/.dataconnect/schema\"\nGenerated sources: prelude.gql [73219B] main/mutation.gql [16734B] main/implicit.gql [2246B] main/input.gql [35315B] main/relation.gql [18238B] main/query.gql [6208B] \nI1204 00:10:10.690771   19865 collector.go:107] connector \"default\" javascriptSdk wrote into \"/Users/PROJETOS DEV/port_dannovaisv_3D/src/dataconnect-generated\"\nGenerated sources: react/index.d.ts [228B] react/index.cjs.js [0B] react/esm/index.esm.js [0B] .guides/config.json [236B] react/README.md [5454B] .guides/usage.md [1318B] .guides/setup.md [1682B] index.d.ts [684B] esm/index.esm.js [141B] index.cjs.js [176B] react/package.json [460B] react/esm/package.json [17B] esm/package.json [17B] package.json [863B] README.md [2876B] \nI1204 00:10:10.692109   19865 installsdk.go:55] Package @dataconnect/generated is already installed. Skipping installation\nI1204 00:10:10.692255   19865 load.go:109] Finished reloading\nI1204 00:10:10.704832   19865 dev.go:105] Listening on address (HTTP + gRPC): 127.0.0.1:50001\n"}}
[debug] [2025-12-04T03:10:10.729Z] <<< [apiv2][status] POST https://www.googleapis.com/oauth2/v3/token 200
[debug] [2025-12-04T03:10:10.729Z] <<< [apiv2][body] POST https://www.googleapis.com/oauth2/v3/token [omitted]
[debug] [2025-12-04T03:10:10.744Z] [Firebase Plugin] User found:  dannovaisv@gmail.com
[info] [Firebase Plugin] (Core:Project) New user detected, fetching projects
[debug] [2025-12-04T03:10:10.745Z] Checked if tokens are valid: true, expires at: 1764821409729
[debug] [2025-12-04T03:10:10.745Z] >>> [apiv2][query] GET https://firebase.googleapis.com/v1beta1/projects pageSize=1000
[error] [Firebase Plugin] error:  {}
[debug] [2025-12-04T03:10:12.121Z] <<< [apiv2][status] GET https://firebase.googleapis.com/v1beta1/projects 200
[debug] [2025-12-04T03:10:12.121Z] <<< [apiv2][body] GET https://firebase.googleapis.com/v1beta1/projects [omitted]
[info] [Firebase Plugin] Stopping Data Connect toolkit
[warn] ⚠  Data Connect Emulator has exited upon receiving signal: SIGINT 
[debug] [2025-12-04T03:23:03.338Z] [Firebase Plugin] Activating Firebase extension.
[debug] [2025-12-04T03:23:11.097Z] [Firebase Plugin] requireAuthWrapper
[debug] [2025-12-04T03:23:11.099Z] > command requires scopes: ["email","openid","https://www.googleapis.com/auth/cloudplatformprojects.readonly","https://www.googleapis.com/auth/firebase","https://www.googleapis.com/auth/cloud-platform"]
[debug] [2025-12-04T03:23:11.099Z] > authorizing via signed-in user (dannovaisv@gmail.com)
[debug] [2025-12-04T03:23:11.101Z] Checked if tokens are valid: true, expires at: 1764821409729
[debug] [2025-12-04T03:23:11.101Z] Checked if tokens are valid: true, expires at: 1764821409729
[debug] [2025-12-04T03:23:11.101Z] [Firebase Plugin] User found:  dannovaisv@gmail.com
[info] [Firebase Plugin] (Core:Project) New user detected, fetching projects
[debug] [2025-12-04T03:23:11.101Z] Checked if tokens are valid: true, expires at: 1764821409729
[debug] [2025-12-04T03:23:11.102Z] >>> [apiv2][query] GET https://firebase.googleapis.com/v1beta1/projects pageSize=1000
[debug] [2025-12-04T03:23:11.107Z] [Firebase Plugin] VSCode notification server listening on port 40001
[info] [Firebase Plugin] Starting Data Connect toolkit (version 2.17.0) on port 50001
[debug] [2025-12-04T03:23:11.440Z] I1204 00:23:11.427671   31055 control.go:94] [/emulator/portfolio-danilo-novais-service ce56] UpdateResources(): done
Main schema: sources: schema/schema.gql [529B] 
Connector "default": sources: example/mutations.gql [1233B] example/queries.gql [1802B] 
 {"metadata":{"emulator":{"name":"dataconnect"},"message":"I1204 00:23:11.427671   31055 control.go:94] [/emulator/portfolio-danilo-novais-service ce56] UpdateResources(): done\nMain schema: sources: schema/schema.gql [529B] \nConnector \"default\": sources: example/mutations.gql [1233B] example/queries.gql [1802B] \n"}}
[debug] [2025-12-04T03:23:11.441Z] Ignoring unsupported arg: auto_download {"metadata":{"emulator":{"name":"dataconnect"},"message":"Ignoring unsupported arg: auto_download"}}
[debug] [2025-12-04T03:23:11.441Z] Ignoring unsupported arg: port {"metadata":{"emulator":{"name":"dataconnect"},"message":"Ignoring unsupported arg: port"}}
[debug] [2025-12-04T03:23:11.441Z] Starting Data Connect Emulator with command {"binary":"/Users/danilonovais/.cache/firebase/emulators/dataconnect-emulator-2.17.0","args":["--logtostderr","-v=2","dev","--listen=localhost:50001","--config_dir=/Users/PROJETOS DEV/port_dannovaisv_3D/dataconnect","--enable_output_schema_extensions=true","--enable_output_generated_sdk=true"],"optionalArgs":["listen","config_dir","enable_output_schema_extensions","enable_output_generated_sdk"],"joinArgs":true,"shell":false,"port":9399} {"metadata":{"emulator":{"name":"dataconnect"},"message":"Starting Data Connect Emulator with command {\"binary\":\"/Users/danilonovais/.cache/firebase/emulators/dataconnect-emulator-2.17.0\",\"args\":[\"--logtostderr\",\"-v=2\",\"dev\",\"--listen=localhost:50001\",\"--config_dir=/Users/PROJETOS DEV/port_dannovaisv_3D/dataconnect\",\"--enable_output_schema_extensions=true\",\"--enable_output_generated_sdk=true\"],\"optionalArgs\":[\"listen\",\"config_dir\",\"enable_output_schema_extensions\",\"enable_output_generated_sdk\"],\"joinArgs\":true,\"shell\":false,\"port\":9399}"}}
[info] i  dataconnect: Data Connect Emulator logging to dataconnect-debug.log {"metadata":{"emulator":{"name":"dataconnect"},"message":"Data Connect Emulator logging to dataconnect-debug.log"}}
[debug] [2025-12-04T03:23:11.483Z] I1204 00:23:11.469393   31061 load.go:31] Reloading schema and connectors...
 {"metadata":{"emulator":{"name":"dataconnect"},"message":"I1204 00:23:11.469393   31061 load.go:31] Reloading schema and connectors...\n"}}
[debug] [2025-12-04T03:23:11.523Z] I1204 00:23:11.522567   31061 control.go:94] [/emulator/portfolio-danilo-novais-service e510] UpdateResources(): done
Main schema: sources: schema/schema.gql [529B] 
Connector "default": sources: example/mutations.gql [1233B] example/queries.gql [1802B] 
 {"metadata":{"emulator":{"name":"dataconnect"},"message":"I1204 00:23:11.522567   31061 control.go:94] [/emulator/portfolio-danilo-novais-service e510] UpdateResources(): done\nMain schema: sources: schema/schema.gql [529B] \nConnector \"default\": sources: example/mutations.gql [1233B] example/queries.gql [1802B] \n"}}
[debug] [2025-12-04T03:23:11.589Z] I1204 00:23:11.553008   31061 codegen.go:80] [connector "default" javascriptSdk] Generating sources into "/Users/PROJETOS DEV/port_dannovaisv_3D/src/dataconnect-generated"
I1204 00:23:11.561201   31061 collector.go:107] schema extensions wrote into "/Users/PROJETOS DEV/port_dannovaisv_3D/dataconnect/.dataconnect/schema"
Generated sources: prelude.gql [73219B] main/implicit.gql [2246B] main/input.gql [35315B] main/relation.gql [18238B] main/query.gql [6208B] main/mutation.gql [16734B] 
I1204 00:23:11.563302   31061 collector.go:107] connector "default" javascriptSdk wrote into "/Users/PROJETOS DEV/port_dannovaisv_3D/src/dataconnect-generated"
Generated sources: esm/index.esm.js [141B] react/index.d.ts [228B] react/esm/index.esm.js [0B] .guides/config.json [236B] package.json [863B] .guides/usage.md [1318B] .guides/setup.md [1682B] esm/package.json [17B] index.cjs.js [176B] react/esm/package.json [17B] react/index.cjs.js [0B] README.md [2876B] react/package.json [460B] react/README.md [5454B] index.d.ts [684B] 
I1204 00:23:11.564544   31061 installsdk.go:55] Package @dataconnect/generated is already installed. Skipping installation
I1204 00:23:11.564590   31061 load.go:109] Finished reloading
I1204 00:23:11.569670   31061 dev.go:105] Listening on address (HTTP + gRPC): 127.0.0.1:50001
 {"metadata":{"emulator":{"name":"dataconnect"},"message":"I1204 00:23:11.553008   31061 codegen.go:80] [connector \"default\" javascriptSdk] Generating sources into \"/Users/PROJETOS DEV/port_dannovaisv_3D/src/dataconnect-generated\"\nI1204 00:23:11.561201   31061 collector.go:107] schema extensions wrote into \"/Users/PROJETOS DEV/port_dannovaisv_3D/dataconnect/.dataconnect/schema\"\nGenerated sources: prelude.gql [73219B] main/implicit.gql [2246B] main/input.gql [35315B] main/relation.gql [18238B] main/query.gql [6208B] main/mutation.gql [16734B] \nI1204 00:23:11.563302   31061 collector.go:107] connector \"default\" javascriptSdk wrote into \"/Users/PROJETOS DEV/port_dannovaisv_3D/src/dataconnect-generated\"\nGenerated sources: esm/index.esm.js [141B] react/index.d.ts [228B] react/esm/index.esm.js [0B] .guides/config.json [236B] package.json [863B] .guides/usage.md [1318B] .guides/setup.md [1682B] esm/package.json [17B] index.cjs.js [176B] react/esm/package.json [17B] react/index.cjs.js [0B] README.md [2876B] react/package.json [460B] react/README.md [5454B] index.d.ts [684B] \nI1204 00:23:11.564544   31061 installsdk.go:55] Package @dataconnect/generated is already installed. Skipping installation\nI1204 00:23:11.564590   31061 load.go:109] Finished reloading\nI1204 00:23:11.569670   31061 dev.go:105] Listening on address (HTTP + gRPC): 127.0.0.1:50001\n"}}
[error] [Firebase Plugin] error:  {}
[debug] [2025-12-04T03:23:12.638Z] <<< [apiv2][status] GET https://firebase.googleapis.com/v1beta1/projects 200
[debug] [2025-12-04T03:23:12.638Z] <<< [apiv2][body] GET https://firebase.googleapis.com/v1beta1/projects [omitted]
[info] [Firebase Plugin] Stopping Data Connect toolkit
[warn] ⚠  Data Connect Emulator has exited upon receiving signal: SIGINT 
[debug] [2025-12-04T06:14:54.288Z] [Firebase Plugin] Activating Firebase extension.
[debug] [2025-12-04T06:15:05.016Z] [Firebase Plugin] requireAuthWrapper
[debug] [2025-12-04T06:15:05.017Z] > command requires scopes: ["email","openid","https://www.googleapis.com/auth/cloudplatformprojects.readonly","https://www.googleapis.com/auth/firebase","https://www.googleapis.com/auth/cloud-platform"]
[debug] [2025-12-04T06:15:05.017Z] > authorizing via signed-in user (dannovaisv@gmail.com)
[debug] [2025-12-04T06:15:05.019Z] Checked if tokens are valid: false, expires at: 1764821409729
[debug] [2025-12-04T06:15:05.019Z] Checked if tokens are valid: false, expires at: 1764821409729
[debug] [2025-12-04T06:15:05.019Z] > refreshing access token with scopes: []
[debug] [2025-12-04T06:15:05.020Z] >>> [apiv2][query] POST https://www.googleapis.com/oauth2/v3/token [none]
[debug] [2025-12-04T06:15:05.020Z] >>> [apiv2][body] POST https://www.googleapis.com/oauth2/v3/token [omitted]
[debug] [2025-12-04T06:15:05.025Z] [Firebase Plugin] VSCode notification server listening on port 40001
[info] [Firebase Plugin] Starting Data Connect toolkit (version 2.17.0) on port 50001
[debug] [2025-12-04T06:15:05.372Z] I1204 03:15:05.358711   61108 control.go:94] [/emulator/portfolio-danilo-novais-service 68d4] UpdateResources(): done
Main schema: sources: schema/schema.gql [529B] 
Connector "default": sources: example/mutations.gql [1233B] example/queries.gql [1802B] 
 {"metadata":{"emulator":{"name":"dataconnect"},"message":"I1204 03:15:05.358711   61108 control.go:94] [/emulator/portfolio-danilo-novais-service 68d4] UpdateResources(): done\nMain schema: sources: schema/schema.gql [529B] \nConnector \"default\": sources: example/mutations.gql [1233B] example/queries.gql [1802B] \n"}}
[debug] [2025-12-04T06:15:05.372Z] Ignoring unsupported arg: auto_download {"metadata":{"emulator":{"name":"dataconnect"},"message":"Ignoring unsupported arg: auto_download"}}
[debug] [2025-12-04T06:15:05.372Z] Ignoring unsupported arg: port {"metadata":{"emulator":{"name":"dataconnect"},"message":"Ignoring unsupported arg: port"}}
[debug] [2025-12-04T06:15:05.372Z] Starting Data Connect Emulator with command {"binary":"/Users/danilonovais/.cache/firebase/emulators/dataconnect-emulator-2.17.0","args":["--logtostderr","-v=2","dev","--listen=localhost:50001","--config_dir=/Users/PROJETOS DEV/port_dannovaisv_3D/dataconnect","--enable_output_schema_extensions=true","--enable_output_generated_sdk=true"],"optionalArgs":["listen","config_dir","enable_output_schema_extensions","enable_output_generated_sdk"],"joinArgs":true,"shell":false,"port":9399} {"metadata":{"emulator":{"name":"dataconnect"},"message":"Starting Data Connect Emulator with command {\"binary\":\"/Users/danilonovais/.cache/firebase/emulators/dataconnect-emulator-2.17.0\",\"args\":[\"--logtostderr\",\"-v=2\",\"dev\",\"--listen=localhost:50001\",\"--config_dir=/Users/PROJETOS DEV/port_dannovaisv_3D/dataconnect\",\"--enable_output_schema_extensions=true\",\"--enable_output_generated_sdk=true\"],\"optionalArgs\":[\"listen\",\"config_dir\",\"enable_output_schema_extensions\",\"enable_output_generated_sdk\"],\"joinArgs\":true,\"shell\":false,\"port\":9399}"}}
[info] i  dataconnect: Data Connect Emulator logging to dataconnect-debug.log {"metadata":{"emulator":{"name":"dataconnect"},"message":"Data Connect Emulator logging to dataconnect-debug.log"}}
[debug] [2025-12-04T06:15:05.421Z] I1204 03:15:05.395670   61111 load.go:31] Reloading schema and connectors...
 {"metadata":{"emulator":{"name":"dataconnect"},"message":"I1204 03:15:05.395670   61111 load.go:31] Reloading schema and connectors...\n"}}
[debug] [2025-12-04T06:15:05.467Z] I1204 03:15:05.465980   61111 control.go:94] [/emulator/portfolio-danilo-novais-service 6578] UpdateResources(): done
Main schema: sources: schema/schema.gql [529B] 
Connector "default": sources: example/mutations.gql [1233B] example/queries.gql [1802B] 
 {"metadata":{"emulator":{"name":"dataconnect"},"message":"I1204 03:15:05.465980   61111 control.go:94] [/emulator/portfolio-danilo-novais-service 6578] UpdateResources(): done\nMain schema: sources: schema/schema.gql [529B] \nConnector \"default\": sources: example/mutations.gql [1233B] example/queries.gql [1802B] \n"}}
[debug] [2025-12-04T06:15:05.752Z] I1204 03:15:05.502194   61111 codegen.go:80] [connector "default" javascriptSdk] Generating sources into "/Users/PROJETOS DEV/port_dannovaisv_3D/src/dataconnect-generated"
I1204 03:15:05.507647   61111 collector.go:107] schema extensions wrote into "/Users/PROJETOS DEV/port_dannovaisv_3D/dataconnect/.dataconnect/schema"
Generated sources: main/input.gql [35315B] main/relation.gql [18238B] main/query.gql [6208B] main/mutation.gql [16734B] prelude.gql [73219B] main/implicit.gql [2246B] 
I1204 03:15:05.509324   61111 collector.go:107] connector "default" javascriptSdk wrote into "/Users/PROJETOS DEV/port_dannovaisv_3D/src/dataconnect-generated"
Generated sources: index.d.ts [684B] esm/index.esm.js [141B] react/index.cjs.js [0B] react/README.md [5454B] react/index.d.ts [228B] react/esm/index.esm.js [0B] .guides/config.json [236B] index.cjs.js [176B] react/package.json [460B] .guides/setup.md [1682B] esm/package.json [17B] package.json [863B] README.md [2876B] react/esm/package.json [17B] .guides/usage.md [1318B] 
I1204 03:15:05.513217   61111 installsdk.go:55] Package @dataconnect/generated is already installed. Skipping installation
I1204 03:15:05.513378   61111 load.go:109] Finished reloading
I1204 03:15:05.525412   61111 dev.go:105] Listening on address (HTTP + gRPC): 127.0.0.1:50001
 {"metadata":{"emulator":{"name":"dataconnect"},"message":"I1204 03:15:05.502194   61111 codegen.go:80] [connector \"default\" javascriptSdk] Generating sources into \"/Users/PROJETOS DEV/port_dannovaisv_3D/src/dataconnect-generated\"\nI1204 03:15:05.507647   61111 collector.go:107] schema extensions wrote into \"/Users/PROJETOS DEV/port_dannovaisv_3D/dataconnect/.dataconnect/schema\"\nGenerated sources: main/input.gql [35315B] main/relation.gql [18238B] main/query.gql [6208B] main/mutation.gql [16734B] prelude.gql [73219B] main/implicit.gql [2246B] \nI1204 03:15:05.509324   61111 collector.go:107] connector \"default\" javascriptSdk wrote into \"/Users/PROJETOS DEV/port_dannovaisv_3D/src/dataconnect-generated\"\nGenerated sources: index.d.ts [684B] esm/index.esm.js [141B] react/index.cjs.js [0B] react/README.md [5454B] react/index.d.ts [228B] react/esm/index.esm.js [0B] .guides/config.json [236B] index.cjs.js [176B] react/package.json [460B] .guides/setup.md [1682B] esm/package.json [17B] package.json [863B] README.md [2876B] react/esm/package.json [17B] .guides/usage.md [1318B] \nI1204 03:15:05.513217   61111 installsdk.go:55] Package @dataconnect/generated is already installed. Skipping installation\nI1204 03:15:05.513378   61111 load.go:109] Finished reloading\nI1204 03:15:05.525412   61111 dev.go:105] Listening on address (HTTP + gRPC): 127.0.0.1:50001\n"}}
[debug] [2025-12-04T06:15:05.812Z] <<< [apiv2][status] POST https://www.googleapis.com/oauth2/v3/token 200
[debug] [2025-12-04T06:15:05.812Z] <<< [apiv2][body] POST https://www.googleapis.com/oauth2/v3/token [omitted]
[debug] [2025-12-04T06:15:05.831Z] [Firebase Plugin] User found:  dannovaisv@gmail.com
[info] [Firebase Plugin] (Core:Project) New user detected, fetching projects
[debug] [2025-12-04T06:15:05.832Z] Checked if tokens are valid: true, expires at: 1764832504812
[debug] [2025-12-04T06:15:05.832Z] >>> [apiv2][query] GET https://firebase.googleapis.com/v1beta1/projects pageSize=1000
[error] [Firebase Plugin] error:  {}
[debug] [2025-12-04T06:15:07.402Z] <<< [apiv2][status] GET https://firebase.googleapis.com/v1beta1/projects 200
[debug] [2025-12-04T06:15:07.402Z] <<< [apiv2][body] GET https://firebase.googleapis.com/v1beta1/projects [omitted]
[info] [Firebase Plugin] Stopping Data Connect toolkit
[warn] ⚠  Data Connect Emulator has exited upon receiving signal: SIGINT 
[debug] [2025-12-04T06:36:40.733Z] [Firebase Plugin] Activating Firebase extension.
[debug] [2025-12-04T06:36:46.152Z] [Firebase Plugin] requireAuthWrapper
[debug] [2025-12-04T06:36:46.153Z] > command requires scopes: ["email","openid","https://www.googleapis.com/auth/cloudplatformprojects.readonly","https://www.googleapis.com/auth/firebase","https://www.googleapis.com/auth/cloud-platform"]
[debug] [2025-12-04T06:36:46.153Z] > authorizing via signed-in user (dannovaisv@gmail.com)
[debug] [2025-12-04T06:36:46.154Z] Checked if tokens are valid: true, expires at: 1764832504812
[debug] [2025-12-04T06:36:46.155Z] Checked if tokens are valid: true, expires at: 1764832504812
[debug] [2025-12-04T06:36:46.155Z] [Firebase Plugin] User found:  dannovaisv@gmail.com
[info] [Firebase Plugin] (Core:Project) New user detected, fetching projects
[debug] [2025-12-04T06:36:46.155Z] Checked if tokens are valid: true, expires at: 1764832504812
[debug] [2025-12-04T06:36:46.156Z] >>> [apiv2][query] GET https://firebase.googleapis.com/v1beta1/projects pageSize=1000
[debug] [2025-12-04T06:36:46.161Z] [Firebase Plugin] VSCode notification server listening on port 40001
[info] [Firebase Plugin] Starting Data Connect toolkit (version 2.17.0) on port 50001
[debug] [2025-12-04T06:36:46.707Z] I1204 03:36:46.652186   79690 control.go:94] [/emulator/portfolio-danilo-novais-service 514e] UpdateResources(): done
Main schema: sources: schema/schema.gql [529B] 
Connector "default": sources: example/mutations.gql [1233B] example/queries.gql [1802B] 
 {"metadata":{"emulator":{"name":"dataconnect"},"message":"I1204 03:36:46.652186   79690 control.go:94] [/emulator/portfolio-danilo-novais-service 514e] UpdateResources(): done\nMain schema: sources: schema/schema.gql [529B] \nConnector \"default\": sources: example/mutations.gql [1233B] example/queries.gql [1802B] \n"}}
[debug] [2025-12-04T06:36:46.708Z] Ignoring unsupported arg: auto_download {"metadata":{"emulator":{"name":"dataconnect"},"message":"Ignoring unsupported arg: auto_download"}}
[debug] [2025-12-04T06:36:46.708Z] Ignoring unsupported arg: port {"metadata":{"emulator":{"name":"dataconnect"},"message":"Ignoring unsupported arg: port"}}
[debug] [2025-12-04T06:36:46.708Z] Starting Data Connect Emulator with command {"binary":"/Users/danilonovais/.cache/firebase/emulators/dataconnect-emulator-2.17.0","args":["--logtostderr","-v=2","dev","--listen=localhost:50001","--config_dir=/Users/PROJETOS DEV/port_dannovaisv_3D/dataconnect","--enable_output_schema_extensions=true","--enable_output_generated_sdk=true"],"optionalArgs":["listen","config_dir","enable_output_schema_extensions","enable_output_generated_sdk"],"joinArgs":true,"shell":false,"port":9399} {"metadata":{"emulator":{"name":"dataconnect"},"message":"Starting Data Connect Emulator with command {\"binary\":\"/Users/danilonovais/.cache/firebase/emulators/dataconnect-emulator-2.17.0\",\"args\":[\"--logtostderr\",\"-v=2\",\"dev\",\"--listen=localhost:50001\",\"--config_dir=/Users/PROJETOS DEV/port_dannovaisv_3D/dataconnect\",\"--enable_output_schema_extensions=true\",\"--enable_output_generated_sdk=true\"],\"optionalArgs\":[\"listen\",\"config_dir\",\"enable_output_schema_extensions\",\"enable_output_generated_sdk\"],\"joinArgs\":true,\"shell\":false,\"port\":9399}"}}
[info] i  dataconnect: Data Connect Emulator logging to dataconnect-debug.log {"metadata":{"emulator":{"name":"dataconnect"},"message":"Data Connect Emulator logging to dataconnect-debug.log"}}
[debug] [2025-12-04T06:36:46.753Z] I1204 03:36:46.751193   79692 load.go:31] Reloading schema and connectors...
 {"metadata":{"emulator":{"name":"dataconnect"},"message":"I1204 03:36:46.751193   79692 load.go:31] Reloading schema and connectors...\n"}}
[debug] [2025-12-04T06:36:46.790Z] I1204 03:36:46.790227   79692 control.go:94] [/emulator/portfolio-danilo-novais-service 4403] UpdateResources(): done
Main schema: sources: schema/schema.gql [529B] 
Connector "default": sources: example/mutations.gql [1233B] example/queries.gql [1802B] 
 {"metadata":{"emulator":{"name":"dataconnect"},"message":"I1204 03:36:46.790227   79692 control.go:94] [/emulator/portfolio-danilo-novais-service 4403] UpdateResources(): done\nMain schema: sources: schema/schema.gql [529B] \nConnector \"default\": sources: example/mutations.gql [1233B] example/queries.gql [1802B] \n"}}
[debug] [2025-12-04T06:36:46.820Z] I1204 03:36:46.815933   79692 codegen.go:80] [connector "default" javascriptSdk] Generating sources into "/Users/PROJETOS DEV/port_dannovaisv_3D/src/dataconnect-generated"
 {"metadata":{"emulator":{"name":"dataconnect"},"message":"I1204 03:36:46.815933   79692 codegen.go:80] [connector \"default\" javascriptSdk] Generating sources into \"/Users/PROJETOS DEV/port_dannovaisv_3D/src/dataconnect-generated\"\n"}}
[debug] [2025-12-04T06:36:46.827Z] I1204 03:36:46.825955   79692 collector.go:107] schema extensions wrote into "/Users/PROJETOS DEV/port_dannovaisv_3D/dataconnect/.dataconnect/schema"
Generated sources: main/mutation.gql [16734B] prelude.gql [73219B] main/implicit.gql [2246B] main/input.gql [35315B] main/relation.gql [18238B] main/query.gql [6208B] 
 {"metadata":{"emulator":{"name":"dataconnect"},"message":"I1204 03:36:46.825955   79692 collector.go:107] schema extensions wrote into \"/Users/PROJETOS DEV/port_dannovaisv_3D/dataconnect/.dataconnect/schema\"\nGenerated sources: main/mutation.gql [16734B] prelude.gql [73219B] main/implicit.gql [2246B] main/input.gql [35315B] main/relation.gql [18238B] main/query.gql [6208B] \n"}}
[debug] [2025-12-04T06:36:46.829Z] I1204 03:36:46.829072   79692 collector.go:107] connector "default" javascriptSdk wrote into "/Users/PROJETOS DEV/port_dannovaisv_3D/src/dataconnect-generated"
Generated sources: esm/package.json [17B] README.md [2876B] react/esm/package.json [17B] .guides/setup.md [1682B] react/esm/index.esm.js [0B] react/README.md [5454B] esm/index.esm.js [141B] index.cjs.js [176B] .guides/usage.md [1318B] index.d.ts [684B] package.json [863B] react/index.d.ts [228B] react/package.json [460B] react/index.cjs.js [0B] .guides/config.json [236B] 
 {"metadata":{"emulator":{"name":"dataconnect"},"message":"I1204 03:36:46.829072   79692 collector.go:107] connector \"default\" javascriptSdk wrote into \"/Users/PROJETOS DEV/port_dannovaisv_3D/src/dataconnect-generated\"\nGenerated sources: esm/package.json [17B] README.md [2876B] react/esm/package.json [17B] .guides/setup.md [1682B] react/esm/index.esm.js [0B] react/README.md [5454B] esm/index.esm.js [141B] index.cjs.js [176B] .guides/usage.md [1318B] index.d.ts [684B] package.json [863B] react/index.d.ts [228B] react/package.json [460B] react/index.cjs.js [0B] .guides/config.json [236B] \n"}}
[debug] [2025-12-04T06:36:46.839Z] I1204 03:36:46.831464   79692 installsdk.go:55] Package @dataconnect/generated is already installed. Skipping installation
I1204 03:36:46.831518   79692 load.go:109] Finished reloading
 {"metadata":{"emulator":{"name":"dataconnect"},"message":"I1204 03:36:46.831464   79692 installsdk.go:55] Package @dataconnect/generated is already installed. Skipping installation\nI1204 03:36:46.831518   79692 load.go:109] Finished reloading\n"}}
[debug] [2025-12-04T06:36:46.842Z] I1204 03:36:46.840709   79692 dev.go:105] Listening on address (HTTP + gRPC): 127.0.0.1:50001
 {"metadata":{"emulator":{"name":"dataconnect"},"message":"I1204 03:36:46.840709   79692 dev.go:105] Listening on address (HTTP + gRPC): 127.0.0.1:50001\n"}}
[error] [Firebase Plugin] error:  {}
[debug] [2025-12-04T06:36:47.887Z] <<< [apiv2][status] GET https://firebase.googleapis.com/v1beta1/projects 200
[debug] [2025-12-04T06:36:47.887Z] <<< [apiv2][body] GET https://firebase.googleapis.com/v1beta1/projects [omitted]
[info] [Firebase Plugin] Stopping Data Connect toolkit
[warn] ⚠  Data Connect Emulator has exited upon receiving signal: SIGINT 
